2018-06-10 23:37:46,049 [Worker-3] INFO  c.g.t.t.d.PublishedGradleVersions - Gradle version information cache is out-of-date. Trying to update.
2018-06-10 23:38:49,362 [Worker-1] INFO  o.e.m.c.i.l.LifecycleMappingFactory - Using org.eclipse.m2e.jdt.JarLifecycleMapping lifecycle mapping for MavenProject: com.renee:eureka-server:0.0.1-SNAPSHOT @ C:\Users\Renata\Projekti\Microservices-Forex\eureka-server\pom.xml.
2018-06-10 23:38:57,295 [Worker-1] INFO  o.e.m.c.i.l.LifecycleMappingFactory - Using org.eclipse.m2e.jdt.JarLifecycleMapping lifecycle mapping for MavenProject: com.renee.forex:forex-microservice:0.0.1-SNAPSHOT @ C:\Users\Renata\Projekti\Microservices-Forex\forex-microservice\pom.xml.
2018-06-10 23:39:00,627 [Worker-1] INFO  o.e.m.c.i.l.LifecycleMappingFactory - Using org.eclipse.m2e.jdt.JarLifecycleMapping lifecycle mapping for MavenProject: com.renee.currencyconversion:microservice-currency-conversion:0.0.1-SNAPSHOT @ C:\Users\Renata\Projekti\Microservices-Forex\microservice-currency-conversion\pom.xml.
2018-06-10 23:39:07,775 [Worker-1] INFO  o.e.m.j.i.AbstractJavaProjectConfigurator - Adding source folder /forex-microservice/src/main/java
2018-06-10 23:39:07,777 [Worker-1] INFO  o.e.m.j.i.AbstractJavaProjectConfigurator - Adding resource folder /forex-microservice/src/main/resources
2018-06-10 23:39:07,780 [Worker-1] INFO  o.e.m.j.i.AbstractJavaProjectConfigurator - Adding resource folder /forex-microservice/src/main/resources
2018-06-10 23:39:07,785 [Worker-1] INFO  o.e.m.j.i.AbstractJavaProjectConfigurator - Adding source folder /forex-microservice/src/test/java
2018-06-10 23:39:10,194 [Worker-1] INFO  o.e.m.j.i.AbstractJavaProjectConfigurator - Adding source folder /eureka-server/src/main/java
2018-06-10 23:39:10,196 [Worker-1] INFO  o.e.m.j.i.AbstractJavaProjectConfigurator - Adding resource folder /eureka-server/src/main/resources
2018-06-10 23:39:10,197 [Worker-1] INFO  o.e.m.j.i.AbstractJavaProjectConfigurator - Adding resource folder /eureka-server/src/main/resources
2018-06-10 23:39:10,200 [Worker-1] INFO  o.e.m.j.i.AbstractJavaProjectConfigurator - Adding source folder /eureka-server/src/test/java
2018-06-10 23:39:11,269 [Worker-1] INFO  o.e.m.j.i.AbstractJavaProjectConfigurator - Adding source folder /microservice-currency-conversion/src/main/java
2018-06-10 23:39:11,271 [Worker-1] INFO  o.e.m.j.i.AbstractJavaProjectConfigurator - Adding resource folder /microservice-currency-conversion/src/main/resources
2018-06-10 23:39:11,272 [Worker-1] INFO  o.e.m.j.i.AbstractJavaProjectConfigurator - Adding resource folder /microservice-currency-conversion/src/main/resources
2018-06-10 23:39:11,276 [Worker-1] INFO  o.e.m.j.i.AbstractJavaProjectConfigurator - Adding source folder /microservice-currency-conversion/src/test/java
2018-06-10 23:39:12,096 [Worker-1] INFO  o.e.m.c.i.p.ProjectConfigurationManager - Imported and configured 3 project(s) in 39 sec
2018-06-10 23:39:24,394 [Worker-8] INFO  o.e.m.c.i.embedder.EclipseLogger - Using 'UTF-8' encoding to copy filtered resources.
2018-06-10 23:39:24,432 [Worker-8] INFO  o.e.m.c.i.embedder.EclipseLogger - Copying 1 resource
2018-06-10 23:39:24,509 [Worker-8] INFO  o.e.m.c.i.embedder.EclipseLogger - Copying 0 resource
2018-06-10 23:39:24,524 [Worker-8] INFO  o.e.m.c.i.embedder.EclipseLogger - Using 'UTF-8' encoding to copy filtered resources.
2018-06-10 23:39:24,525 [Worker-8] INFO  o.e.m.c.i.embedder.EclipseLogger - skip non existing resourceDirectory C:\Users\Renata\Projekti\Microservices-Forex\eureka-server\src\test\resources
2018-06-10 23:39:32,183 [Worker-8] INFO  o.e.m.c.i.embedder.EclipseLogger - Using 'UTF-8' encoding to copy filtered resources.
2018-06-10 23:39:32,186 [Worker-8] INFO  o.e.m.c.i.embedder.EclipseLogger - Copying 1 resource
2018-06-10 23:39:32,249 [Worker-8] INFO  o.e.m.c.i.embedder.EclipseLogger - Copying 1 resource
2018-06-10 23:39:32,276 [Worker-8] INFO  o.e.m.c.i.embedder.EclipseLogger - Using 'UTF-8' encoding to copy filtered resources.
2018-06-10 23:39:32,276 [Worker-8] INFO  o.e.m.c.i.embedder.EclipseLogger - skip non existing resourceDirectory C:\Users\Renata\Projekti\Microservices-Forex\forex-microservice\src\test\resources
2018-06-10 23:39:36,648 [Worker-8] INFO  o.e.m.c.i.embedder.EclipseLogger - Using 'UTF-8' encoding to copy filtered resources.
2018-06-10 23:39:36,651 [Worker-8] INFO  o.e.m.c.i.embedder.EclipseLogger - Copying 1 resource
2018-06-10 23:39:36,657 [Worker-8] INFO  o.e.m.c.i.embedder.EclipseLogger - Copying 0 resource
2018-06-10 23:39:36,666 [Worker-8] INFO  o.e.m.c.i.embedder.EclipseLogger - Using 'UTF-8' encoding to copy filtered resources.
2018-06-10 23:39:36,666 [Worker-8] INFO  o.e.m.c.i.embedder.EclipseLogger - skip non existing resourceDirectory C:\Users\Renata\Projekti\Microservices-Forex\microservice-currency-conversion\src\test\resources
2018-06-11 00:20:14,429 [Worker-49] INFO  o.e.m.c.i.embedder.EclipseLogger - Using 'UTF-8' encoding to copy filtered resources.
2018-06-11 00:20:14,435 [Worker-49] INFO  o.e.m.c.i.embedder.EclipseLogger - Copying 0 resource
2018-06-11 00:20:14,436 [Worker-49] INFO  o.e.m.c.i.embedder.EclipseLogger - Copying 0 resource
2018-06-11 00:20:14,445 [Worker-49] INFO  o.e.m.c.i.embedder.EclipseLogger - Using 'UTF-8' encoding to copy filtered resources.
2018-06-11 00:20:14,447 [Worker-49] INFO  o.e.m.c.i.embedder.EclipseLogger - skip non existing resourceDirectory C:\Users\Renata\Projekti\Microservices-Forex\eureka-server\src\test\resources
2018-06-11 00:20:14,537 [Worker-49] INFO  o.e.m.c.i.embedder.EclipseLogger - Using 'UTF-8' encoding to copy filtered resources.
2018-06-11 00:20:14,543 [Worker-49] INFO  o.e.m.c.i.embedder.EclipseLogger - Copying 0 resource
2018-06-11 00:20:14,544 [Worker-49] INFO  o.e.m.c.i.embedder.EclipseLogger - Copying 0 resource
2018-06-11 00:20:14,564 [Worker-49] INFO  o.e.m.c.i.embedder.EclipseLogger - Using 'UTF-8' encoding to copy filtered resources.
2018-06-11 00:20:14,564 [Worker-49] INFO  o.e.m.c.i.embedder.EclipseLogger - skip non existing resourceDirectory C:\Users\Renata\Projekti\Microservices-Forex\forex-microservice\src\test\resources
2018-06-11 00:20:14,705 [Worker-49] INFO  o.e.m.c.i.embedder.EclipseLogger - Using 'UTF-8' encoding to copy filtered resources.
2018-06-11 00:20:14,706 [Worker-49] INFO  o.e.m.c.i.embedder.EclipseLogger - Copying 0 resource
2018-06-11 00:20:14,708 [Worker-49] INFO  o.e.m.c.i.embedder.EclipseLogger - Copying 0 resource
2018-06-11 00:20:14,718 [Worker-49] INFO  o.e.m.c.i.embedder.EclipseLogger - Using 'UTF-8' encoding to copy filtered resources.
2018-06-11 00:20:14,718 [Worker-49] INFO  o.e.m.c.i.embedder.EclipseLogger - skip non existing resourceDirectory C:\Users\Renata\Projekti\Microservices-Forex\microservice-currency-conversion\src\test\resources
